<?xml version="1.0" encoding="UTF-8"?>
<!-- Generated by org.testng.reporters.JUnitReportReporter -->
<testsuite hostname="DESKTOP-R7HKC99" failures="0" tests="1" name="Vizismart.Automation.RaiseTicket" time="48.054" errors="0" timestamp="2025-07-10T19:37:55 IST" skipped="0">
  <testcase classname="Vizismart.Automation.RaiseTicket" name="raiseticket" time="48.054">
    <system-out>
      <![CDATA[ChromeDriver initialized
Navigated to Login page
Entered Email
Entered Password
Clicked on Login button
Clicked on Conversation icon
Browser closed]]>
    </system-out>
  </testcase> <!-- raiseticket -->
  <system-out>
    <![CDATA[ChromeDriver initialized
Navigated to Login page
Entered Email
Entered Password
Clicked on Login button
Clicked on Conversation icon
Browser closed]]>
  </system-out>
</testsuite> <!-- Vizismart.Automation.RaiseTicket -->
