<?xml version="1.0" encoding="UTF-8"?>
<!-- Generated by org.testng.reporters.JUnitReportReporter -->
<testsuite hostname="DESKTOP-R7HKC99" failures="0" tests="1" name="Vizismart.Automation.Add_tenant" time="13.153" errors="0" timestamp="2025-07-11T14:55:02 IST" skipped="0">
  <testcase classname="Vizismart.Automation.Add_tenant" name="add" time="13.153">
    <system-out>
      <![CDATA[ChromeDriver initialized
Navigated to Login page
Entered Email
Entered Password
Clicked on Login button
Implicit wait set for 2 seconds
Select property to add tenant
Clicked on Add Tenant button
Entered First Name: temp
Entered Last Name: tenant
Entered Email
Entered Phone Number
Clicked on Save button
Waited for 2 seconds
Closed the browser]]>
    </system-out>
  </testcase> <!-- add -->
  <system-out>
    <![CDATA[ChromeDriver initialized
Navigated to Login page
Entered Email
Entered Password
Clicked on Login button
Implicit wait set for 2 seconds
Select property to add tenant
Clicked on Add Tenant button
Entered First Name: temp
Entered Last Name: tenant
Entered Email
Entered Phone Number
Clicked on Save button
Waited for 2 seconds
Closed the browser]]>
  </system-out>
</testsuite> <!-- Vizismart.Automation.Add_tenant -->
