<?xml version="1.0" encoding="UTF-8"?>
<!-- Generated by org.testng.reporters.JUnitReportReporter -->
<testsuite hostname="Squares-4.local" failures="0" tests="1" name="Vizismart.Automation.Add_multi_family_property" time="51.435" errors="0" timestamp="2025-07-02T13:00:59 IST" skipped="0">
  <testcase classname="Vizismart.Automation.Add_multi_family_property" name="add" time="51.435">
    <system-out>
      <![CDATA[ChromeDriver initialized
Navigated to Login page
Entered email address
Entered Password
Clicked on Login button
Clicked on Property icon
Click on multi-familty property
Entered the address.
Entered the city.
Entered the state.
Entered the zip code.
Clicked on save button]]>
    </system-out>
  </testcase> <!-- add -->
  <system-out>
    <![CDATA[ChromeDriver initialized
Navigated to Login page
Entered email address
Entered Password
Clicked on Login button
Clicked on Property icon
Click on multi-familty property
Entered the address.
Entered the city.
Entered the state.
Entered the zip code.
Clicked on save button]]>
  </system-out>
</testsuite> <!-- Vizismart.Automation.Add_multi_family_property -->
