<?xml version="1.0" encoding="UTF-8"?>
<!-- Generated by org.testng.reporters.JUnitReportReporter -->
<testsuite hostname="DESKTOP-R7HKC99" failures="0" tests="1" name="Vizismart.Automation.Remove_tenant" time="12.586" errors="0" timestamp="2025-07-11T15:27:41 IST" skipped="0">
  <testcase classname="Vizismart.Automation.Remove_tenant" name="delete" time="12.586">
    <system-out>
      <![CDATA[ChromeDriver initialized
Navigated to Login page
Entered Email
Entered Password
Clicked on Login button
Implicit wait set for 2 seconds
select the property
Clicked on Delete button for tenant
Confirmed tenant deletion
Waited for 3 seconds
Closed the browser]]>
    </system-out>
  </testcase> <!-- delete -->
  <system-out>
    <![CDATA[ChromeDriver initialized
Navigated to Login page
Entered Email
Entered Password
Clicked on Login button
Implicit wait set for 2 seconds
select the property
Clicked on Delete button for tenant
Confirmed tenant deletion
Waited for 3 seconds
Closed the browser]]>
  </system-out>
</testsuite> <!-- Vizismart.Automation.Remove_tenant -->
