<?xml version="1.0" encoding="UTF-8"?>
<!-- Generated by org.testng.reporters.JUnitReportReporter -->
<testsuite hostname="DESKTOP-R7HKC99" failures="0" tests="1" name="Vizismart.Automation.SendQuoteBYVendor" time="19.589" errors="0" timestamp="2025-07-14T10:55:58 IST" skipped="0">
  <testcase classname="Vizismart.Automation.SendQuoteBYVendor" name="SendQuote" time="19.589">
    <system-out>
      <![CDATA[ChromeDriver initialized
Navigated to Login page
Entered Email
Entered Password
Clicked on Login button
Clicked on maintenance tickets page
Clicked on maintenance ticket
Entered quote amount
Entered message 
Clicked on accept button]]>
    </system-out>
  </testcase> <!-- SendQuote -->
  <system-out>
    <![CDATA[ChromeDriver initialized
Navigated to Login page
Entered Email
Entered Password
Clicked on Login button
Clicked on maintenance tickets page
Clicked on maintenance ticket
Entered quote amount
Entered message 
Clicked on accept button]]>
  </system-out>
</testsuite> <!-- Vizismart.Automation.SendQuoteBYVendor -->
