<?xml version="1.0" encoding="UTF-8"?>
<!-- Generated by org.testng.reporters.JUnitReportReporter -->
<testsuite hostname="Squares-4.local" failures="0" tests="2" name="Vizismart.Automation.testing_core_functions" time="91.869" errors="0" timestamp="2025-07-02T17:50:58 IST" skipped="0">
  <testcase classname="Vizismart.Automation.testing_core_functions" name="add_single_family_ptoperty" time="45.863">
    <system-out>
      <![CDATA[ChromeDriver initialized
Navigated to Login page
Entered email address
Entered Password
Clicked on Login button
Clicked on Property icon
Entered the address.
Entered the city.
Entered the state.
Entered the zip code.
Clicked on save button]]>
    </system-out>
  </testcase> <!-- add_single_family_ptoperty -->
  <testcase classname="Vizismart.Automation.testing_core_functions" name="add_multi_family_property" time="46.006">
    <system-out>
      <![CDATA[ChromeDriver initialized
Navigated to Login page
Entered email address
Entered Password
Clicked on Login button
Clicked on Property icon
Click on multi-familty property
Entered the address.
Entered the city.
Entered the state.
Entered the zip code.
Clicked on save button]]>
    </system-out>
  </testcase> <!-- add_multi_family_property -->
  <system-out>
    <![CDATA[ChromeDriver initialized
Navigated to Login page
Entered email address
Entered Password
Clicked on Login button
Clicked on Property icon
Entered the address.
Entered the city.
Entered the state.
Entered the zip code.
Clicked on save button
ChromeDriver initialized
Navigated to Login page
Entered email address
Entered Password
Clicked on Login button
Clicked on Property icon
Click on multi-familty property
Entered the address.
Entered the city.
Entered the state.
Entered the zip code.
Clicked on save button]]>
  </system-out>
</testsuite> <!-- Vizismart.Automation.testing_core_functions -->
