<?xml version="1.0" encoding="UTF-8"?>
<!-- Generated by org.testng.reporters.JUnitReportReporter -->
<testsuite hostname="Squares-4.local" failures="0" tests="1" name="Vizismart.Automation.LoginOfPM" time="33.023" errors="0" timestamp="2025-07-03T10:37:47 IST" skipped="0">
  <testcase classname="Vizismart.Automation.LoginOfPM" name="login_page" time="33.023">
    <system-out>
      <![CDATA[ChromeDriver initialized
Navigated to Login page
Entered Email
Entered Password
Clicked on Login button
Waited for 2 seconds
Closed the browser]]>
    </system-out>
  </testcase> <!-- login_page -->
  <system-out>
    <![CDATA[ChromeDriver initialized
Navigated to Login page
Entered Email
Entered Password
Clicked on Login button
Waited for 2 seconds
Closed the browser]]>
  </system-out>
</testsuite> <!-- Vizismart.Automation.LoginOfPM -->
